<?xml version="1.0" encoding="UTF-8"?>
<coverage generated="1758771167466" clover="3.2.0">
  <project timestamp="1758771167466" name="All files">
    <metrics statements="112" coveredstatements="112" conditionals="57" coveredconditionals="55" methods="24" coveredmethods="24" elements="193" coveredelements="191" complexity="0" loc="112" ncloc="112" packages="1" files="3" classes="3"/>
    <file name="converter.js" path="/Users/jordan/Documents/Github/api-format-converter/src/converter.js">
      <metrics statements="55" coveredstatements="55" conditionals="12" coveredconditionals="12" methods="15" coveredmethods="15"/>
      <line num="1" count="1" type="stmt"/>
      <line num="10" count="10" type="stmt"/>
      <line num="13" count="10" type="stmt"/>
      <line num="15" count="33" type="stmt"/>
      <line num="17" count="10" type="stmt"/>
      <line num="24" count="10" type="stmt"/>
      <line num="25" count="25" type="stmt"/>
      <line num="26" count="25" type="cond" truecount="2" falsecount="0"/>
      <line num="28" count="24" type="stmt"/>
      <line num="29" count="24" type="stmt"/>
      <line num="31" count="24" type="stmt"/>
      <line num="37" count="10" type="stmt"/>
      <line num="47" count="10" type="stmt"/>
      <line num="50" count="10" type="cond" truecount="2" falsecount="0"/>
      <line num="51" count="10" type="cond" truecount="2" falsecount="0"/>
      <line num="54" count="10" type="stmt"/>
      <line num="55" count="22" type="stmt"/>
      <line num="56" count="22" type="stmt"/>
      <line num="60" count="10" type="stmt"/>
      <line num="61" count="10" type="cond" truecount="2" falsecount="0"/>
      <line num="62" count="2" type="stmt"/>
      <line num="65" count="10" type="stmt"/>
      <line num="75" count="7" type="stmt"/>
      <line num="77" count="7" type="stmt"/>
      <line num="78" count="18" type="stmt"/>
      <line num="81" count="18" type="stmt"/>
      <line num="82" count="18" type="stmt"/>
      <line num="83" count="68" type="stmt"/>
      <line num="87" count="18" type="cond" truecount="2" falsecount="0"/>
      <line num="88" count="14" type="stmt"/>
      <line num="90" count="18" type="stmt"/>
      <line num="93" count="7" type="stmt"/>
      <line num="99" count="7" type="stmt"/>
      <line num="108" count="10" type="stmt"/>
      <line num="115" count="10" type="stmt"/>
      <line num="116" count="10" type="stmt"/>
      <line num="119" count="9" type="stmt"/>
      <line num="121" count="9" type="stmt"/>
      <line num="122" count="15" type="cond" truecount="2" falsecount="0"/>
      <line num="124" count="15" type="stmt"/>
      <line num="126" count="19" type="stmt"/>
      <line num="127" count="19" type="stmt"/>
      <line num="128" count="35" type="stmt"/>
      <line num="129" count="35" type="stmt"/>
      <line num="130" count="35" type="stmt"/>
      <line num="133" count="19" type="stmt"/>
      <line num="134" count="54" type="stmt"/>
      <line num="137" count="19" type="stmt"/>
      <line num="144" count="9" type="stmt"/>
      <line num="146" count="1" type="stmt"/>
      <line num="157" count="3" type="stmt"/>
      <line num="158" count="3" type="stmt"/>
      <line num="168" count="4" type="stmt"/>
      <line num="169" count="4" type="stmt"/>
      <line num="172" count="1" type="stmt"/>
    </file>
    <file name="formatDetector.js" path="/Users/jordan/Documents/Github/api-format-converter/src/formatDetector.js">
      <metrics statements="36" coveredstatements="36" conditionals="30" coveredconditionals="28" methods="7" coveredmethods="7"/>
      <line num="7" count="15" type="cond" truecount="4" falsecount="0"/>
      <line num="8" count="3" type="stmt"/>
      <line num="11" count="12" type="stmt"/>
      <line num="12" count="12" type="cond" truecount="2" falsecount="0"/>
      <line num="13" count="2" type="stmt"/>
      <line num="16" count="10" type="cond" truecount="2" falsecount="0"/>
      <line num="17" count="4" type="stmt"/>
      <line num="20" count="6" type="cond" truecount="2" falsecount="0"/>
      <line num="21" count="3" type="stmt"/>
      <line num="24" count="3" type="stmt"/>
      <line num="33" count="19" type="stmt"/>
      <line num="34" count="19" type="cond" truecount="4" falsecount="0"/>
      <line num="35" count="10" type="stmt"/>
      <line num="38" count="9" type="stmt"/>
      <line num="39" count="8" type="cond" truecount="2" falsecount="0"/>
      <line num="41" count="1" type="stmt"/>
      <line num="51" count="13" type="cond" truecount="2" falsecount="0"/>
      <line num="52" count="3" type="stmt"/>
      <line num="55" count="10" type="cond" truecount="4" falsecount="0"/>
      <line num="56" count="2" type="stmt"/>
      <line num="59" count="8" type="stmt"/>
      <line num="60" count="8" type="stmt"/>
      <line num="69" count="17" type="stmt"/>
      <line num="76" count="17" type="stmt"/>
      <line num="77" count="38" type="stmt"/>
      <line num="79" count="38" type="cond" truecount="4" falsecount="0"/>
      <line num="80" count="34" type="stmt"/>
      <line num="82" count="12" type="cond" truecount="1" falsecount="1"/>
      <line num="83" count="12" type="stmt"/>
      <line num="84" count="24" type="stmt"/>
      <line num="85" count="24" type="stmt"/>
      <line num="88" count="12" type="cond" truecount="1" falsecount="1"/>
      <line num="89" count="12" type="stmt"/>
      <line num="94" count="5" type="stmt"/>
      <line num="103" count="8" type="stmt"/>
      <line num="106" count="2" type="stmt"/>
    </file>
    <file name="hybridDetector.js" path="/Users/jordan/Documents/Github/api-format-converter/src/hybridDetector.js">
      <metrics statements="21" coveredstatements="21" conditionals="15" coveredconditionals="15" methods="2" coveredmethods="2"/>
      <line num="1" count="1" type="stmt"/>
      <line num="10" count="15" type="stmt"/>
      <line num="12" count="15" type="cond" truecount="2" falsecount="0"/>
      <line num="13" count="11" type="stmt"/>
      <line num="16" count="15" type="cond" truecount="2" falsecount="0"/>
      <line num="17" count="5" type="stmt"/>
      <line num="20" count="15" type="stmt"/>
      <line num="22" count="15" type="cond" truecount="2" falsecount="0"/>
      <line num="23" count="6" type="stmt"/>
      <line num="24" count="6" type="cond" truecount="2" falsecount="0"/>
      <line num="25" count="4" type="stmt"/>
      <line num="29" count="15" type="stmt"/>
      <line num="38" count="27" type="stmt"/>
      <line num="40" count="27" type="cond" truecount="2" falsecount="0"/>
      <line num="41" count="7" type="stmt"/>
      <line num="44" count="20" type="cond" truecount="2" falsecount="0"/>
      <line num="45" count="7" type="stmt"/>
      <line num="48" count="13" type="cond" truecount="2" falsecount="0"/>
      <line num="49" count="8" type="stmt"/>
      <line num="52" count="5" type="stmt"/>
      <line num="55" count="1" type="stmt"/>
    </file>
  </project>
</coverage>
