{"/Users/jordan/Documents/Github/api-format-converter/src/converter.js": {"path":"/Users/jordan/Documents/Github/api-format-converter/src/converter.js","statementMap":{"0":{"start":{"line":1,"column":15},"end":{"line":1,"column":32}},"1":{"start":{"line":10,"column":31},"end":{"line":10,"column":41}},"2":{"start":{"line":13,"column":28},"end":{"line":13,"column":56}},"3":{"start":{"line":15,"column":19},"end":{"line":15,"column":73}},"4":{"start":{"line":15,"column":64},"end":{"line":15,"column":72}},"5":{"start":{"line":17,"column":17},"end":{"line":22,"column":3}},"6":{"start":{"line":24,"column":2},"end":{"line":35,"column":5}},"7":{"start":{"line":25,"column":18},"end":{"line":25,"column":44}},"8":{"start":{"line":26,"column":4},"end":{"line":26,"column":33}},"9":{"start":{"line":26,"column":26},"end":{"line":26,"column":33}},"10":{"start":{"line":28,"column":22},"end":{"line":28,"column":30}},"11":{"start":{"line":29,"column":21},"end":{"line":29,"column":35}},"12":{"start":{"line":31,"column":4},"end":{"line":34,"column":7}},"13":{"start":{"line":37,"column":2},"end":{"line":37,"column":16}},"14":{"start":{"line":47,"column":31},"end":{"line":47,"column":41}},"15":{"start":{"line":50,"column":19},"end":{"line":50,"column":43}},"16":{"start":{"line":51,"column":28},"end":{"line":51,"column":63}},"17":{"start":{"line":54,"column":25},"end":{"line":57,"column":4}},"18":{"start":{"line":55,"column":18},"end":{"line":55,"column":51}},"19":{"start":{"line":56,"column":4},"end":{"line":56,"column":31}},"20":{"start":{"line":60,"column":15},"end":{"line":60,"column":43}},"21":{"start":{"line":61,"column":2},"end":{"line":63,"column":3}},"22":{"start":{"line":62,"column":4},"end":{"line":62,"column":22}},"23":{"start":{"line":65,"column":2},"end":{"line":65,"column":16}},"24":{"start":{"line":75,"column":18},"end":{"line":75,"column":20}},"25":{"start":{"line":77,"column":2},"end":{"line":91,"column":5}},"26":{"start":{"line":78,"column":24},"end":{"line":78,"column":38}},"27":{"start":{"line":81,"column":23},"end":{"line":81,"column":25}},"28":{"start":{"line":82,"column":4},"end":{"line":84,"column":7}},"29":{"start":{"line":83,"column":6},"end":{"line":83,"column":64}},"30":{"start":{"line":87,"column":4},"end":{"line":89,"column":5}},"31":{"start":{"line":88,"column":6},"end":{"line":88,"column":32}},"32":{"start":{"line":90,"column":4},"end":{"line":90,"column":42}},"33":{"start":{"line":93,"column":18},"end":{"line":97,"column":4}},"34":{"start":{"line":99,"column":2},"end":{"line":99,"column":38}},"35":{"start":{"line":108,"column":17},"end":{"line":113,"column":4}},"36":{"start":{"line":115,"column":2},"end":{"line":147,"column":3}},"37":{"start":{"line":116,"column":19},"end":{"line":116,"column":59}},"38":{"start":{"line":119,"column":21},"end":{"line":119,"column":23}},"39":{"start":{"line":121,"column":4},"end":{"line":142,"column":7}},"40":{"start":{"line":122,"column":27},"end":{"line":122,"column":107}},"41":{"start":{"line":124,"column":6},"end":{"line":141,"column":9}},"42":{"start":{"line":126,"column":25},"end":{"line":126,"column":27}},"43":{"start":{"line":127,"column":21},"end":{"line":131,"column":10}},"44":{"start":{"line":128,"column":23},"end":{"line":128,"column":59}},"45":{"start":{"line":129,"column":23},"end":{"line":129,"column":59}},"46":{"start":{"line":130,"column":10},"end":{"line":130,"column":29}},"47":{"start":{"line":133,"column":8},"end":{"line":135,"column":11}},"48":{"start":{"line":134,"column":10},"end":{"line":134,"column":41}},"49":{"start":{"line":137,"column":8},"end":{"line":140,"column":11}},"50":{"start":{"line":144,"column":4},"end":{"line":144,"column":24}},"51":{"start":{"line":146,"column":4},"end":{"line":146,"column":60}},"52":{"start":{"line":157,"column":19},"end":{"line":157,"column":55}},"53":{"start":{"line":158,"column":2},"end":{"line":158,"column":29}},"54":{"start":{"line":168,"column":19},"end":{"line":168,"column":43}},"55":{"start":{"line":169,"column":2},"end":{"line":169,"column":44}},"56":{"start":{"line":172,"column":0},"end":{"line":179,"column":2}}},"fnMap":{"0":{"name":"stringToJson","decl":{"start":{"line":9,"column":9},"end":{"line":9,"column":21}},"loc":{"start":{"line":9,"column":46},"end":{"line":38,"column":1}},"line":9},"1":{"name":"(anonymous_1)","decl":{"start":{"line":15,"column":59},"end":{"line":15,"column":60}},"loc":{"start":{"line":15,"column":64},"end":{"line":15,"column":72}},"line":15},"2":{"name":"(anonymous_2)","decl":{"start":{"line":24,"column":19},"end":{"line":24,"column":20}},"loc":{"start":{"line":24,"column":36},"end":{"line":35,"column":3}},"line":24},"3":{"name":"jsonToString","decl":{"start":{"line":46,"column":9},"end":{"line":46,"column":21}},"loc":{"start":{"line":46,"column":44},"end":{"line":66,"column":1}},"line":46},"4":{"name":"(anonymous_4)","decl":{"start":{"line":54,"column":47},"end":{"line":54,"column":48}},"loc":{"start":{"line":54,"column":54},"end":{"line":57,"column":3}},"line":54},"5":{"name":"jsonToXml","decl":{"start":{"line":73,"column":9},"end":{"line":73,"column":18}},"loc":{"start":{"line":73,"column":29},"end":{"line":100,"column":1}},"line":73},"6":{"name":"(anonymous_6)","decl":{"start":{"line":77,"column":28},"end":{"line":77,"column":29}},"loc":{"start":{"line":77,"column":44},"end":{"line":91,"column":3}},"line":77},"7":{"name":"(anonymous_7)","decl":{"start":{"line":82,"column":25},"end":{"line":82,"column":26}},"loc":{"start":{"line":82,"column":52},"end":{"line":84,"column":5}},"line":82},"8":{"name":"xmlToJson","decl":{"start":{"line":107,"column":15},"end":{"line":107,"column":24}},"loc":{"start":{"line":107,"column":34},"end":{"line":148,"column":1}},"line":107},"9":{"name":"(anonymous_9)","decl":{"start":{"line":121,"column":32},"end":{"line":121,"column":33}},"loc":{"start":{"line":121,"column":47},"end":{"line":142,"column":5}},"line":121},"10":{"name":"(anonymous_10)","decl":{"start":{"line":124,"column":27},"end":{"line":124,"column":28}},"loc":{"start":{"line":124,"column":41},"end":{"line":141,"column":7}},"line":124},"11":{"name":"(anonymous_11)","decl":{"start":{"line":127,"column":50},"end":{"line":127,"column":51}},"loc":{"start":{"line":127,"column":60},"end":{"line":131,"column":9}},"line":127},"12":{"name":"(anonymous_12)","decl":{"start":{"line":133,"column":21},"end":{"line":133,"column":22}},"loc":{"start":{"line":133,"column":28},"end":{"line":135,"column":9}},"line":133},"13":{"name":"stringToXml","decl":{"start":{"line":156,"column":9},"end":{"line":156,"column":20}},"loc":{"start":{"line":156,"column":45},"end":{"line":159,"column":1}},"line":156},"14":{"name":"xmlToString","decl":{"start":{"line":167,"column":15},"end":{"line":167,"column":26}},"loc":{"start":{"line":167,"column":48},"end":{"line":170,"column":1}},"line":167}},"branchMap":{"0":{"loc":{"start":{"line":26,"column":4},"end":{"line":26,"column":33}},"type":"if","locations":[{"start":{"line":26,"column":4},"end":{"line":26,"column":33}},{"start":{},"end":{}}],"line":26},"1":{"loc":{"start":{"line":50,"column":19},"end":{"line":50,"column":43}},"type":"binary-expr","locations":[{"start":{"line":50,"column":19},"end":{"line":50,"column":37}},{"start":{"line":50,"column":41},"end":{"line":50,"column":43}}],"line":50},"2":{"loc":{"start":{"line":51,"column":28},"end":{"line":51,"column":63}},"type":"binary-expr","locations":[{"start":{"line":51,"column":28},"end":{"line":51,"column":54}},{"start":{"line":51,"column":58},"end":{"line":51,"column":63}}],"line":51},"3":{"loc":{"start":{"line":61,"column":2},"end":{"line":63,"column":3}},"type":"if","locations":[{"start":{"line":61,"column":2},"end":{"line":63,"column":3}},{"start":{},"end":{}}],"line":61},"4":{"loc":{"start":{"line":87,"column":4},"end":{"line":89,"column":5}},"type":"if","locations":[{"start":{"line":87,"column":4},"end":{"line":89,"column":5}},{"start":{},"end":{}}],"line":87},"5":{"loc":{"start":{"line":122,"column":27},"end":{"line":122,"column":107}},"type":"cond-expr","locations":[{"start":{"line":122,"column":64},"end":{"line":122,"column":83}},{"start":{"line":122,"column":86},"end":{"line":122,"column":107}}],"line":122}},"s":{"0":1,"1":10,"2":10,"3":10,"4":33,"5":10,"6":10,"7":25,"8":25,"9":1,"10":24,"11":24,"12":24,"13":10,"14":10,"15":10,"16":10,"17":10,"18":22,"19":22,"20":10,"21":10,"22":2,"23":10,"24":7,"25":7,"26":18,"27":18,"28":18,"29":68,"30":18,"31":14,"32":18,"33":7,"34":7,"35":10,"36":10,"37":10,"38":9,"39":9,"40":15,"41":15,"42":19,"43":19,"44":35,"45":35,"46":35,"47":19,"48":54,"49":19,"50":9,"51":1,"52":3,"53":3,"54":4,"55":4,"56":1},"f":{"0":10,"1":33,"2":25,"3":10,"4":22,"5":7,"6":18,"7":68,"8":10,"9":15,"10":19,"11":35,"12":54,"13":3,"14":4},"b":{"0":[1,24],"1":[10,8],"2":[10,8],"3":[2,8],"4":[14,4],"5":[4,11]},"_coverageSchema":"1a1c01bbd47fc00a2c39e90264f33305004495a9","hash":"54c13f302789a10e70dda69470219a62a970b31a"}
,"/Users/jordan/Documents/Github/api-format-converter/src/formatDetector.js": {"path":"/Users/jordan/Documents/Github/api-format-converter/src/formatDetector.js","statementMap":{"0":{"start":{"line":7,"column":2},"end":{"line":9,"column":3}},"1":{"start":{"line":8,"column":4},"end":{"line":8,"column":56}},"2":{"start":{"line":11,"column":23},"end":{"line":11,"column":35}},"3":{"start":{"line":12,"column":2},"end":{"line":14,"column":3}},"4":{"start":{"line":13,"column":4},"end":{"line":13,"column":56}},"5":{"start":{"line":16,"column":2},"end":{"line":18,"column":3}},"6":{"start":{"line":17,"column":4},"end":{"line":17,"column":18}},"7":{"start":{"line":20,"column":2},"end":{"line":22,"column":3}},"8":{"start":{"line":21,"column":4},"end":{"line":21,"column":17}},"9":{"start":{"line":24,"column":2},"end":{"line":24,"column":18}},"10":{"start":{"line":33,"column":2},"end":{"line":42,"column":3}},"11":{"start":{"line":34,"column":4},"end":{"line":36,"column":5}},"12":{"start":{"line":35,"column":6},"end":{"line":35,"column":19}},"13":{"start":{"line":38,"column":19},"end":{"line":38,"column":36}},"14":{"start":{"line":39,"column":4},"end":{"line":39,"column":57}},"15":{"start":{"line":41,"column":4},"end":{"line":41,"column":17}},"16":{"start":{"line":51,"column":2},"end":{"line":53,"column":3}},"17":{"start":{"line":52,"column":4},"end":{"line":52,"column":16}},"18":{"start":{"line":55,"column":2},"end":{"line":57,"column":3}},"19":{"start":{"line":56,"column":4},"end":{"line":56,"column":16}},"20":{"start":{"line":59,"column":21},"end":{"line":59,"column":44}},"21":{"start":{"line":60,"column":2},"end":{"line":60,"column":32}},"22":{"start":{"line":69,"column":27},"end":{"line":74,"column":3}},"23":{"start":{"line":76,"column":2},"end":{"line":93,"column":3}},"24":{"start":{"line":77,"column":33},"end":{"line":77,"column":43}},"25":{"start":{"line":79,"column":4},"end":{"line":92,"column":5}},"26":{"start":{"line":80,"column":23},"end":{"line":80,"column":65}},"27":{"start":{"line":80,"column":56},"end":{"line":80,"column":64}},"28":{"start":{"line":82,"column":6},"end":{"line":91,"column":7}},"29":{"start":{"line":83,"column":30},"end":{"line":86,"column":10}},"30":{"start":{"line":84,"column":24},"end":{"line":84,"column":42}},"31":{"start":{"line":85,"column":10},"end":{"line":85,"column":35}},"32":{"start":{"line":88,"column":8},"end":{"line":90,"column":9}},"33":{"start":{"line":89,"column":10},"end":{"line":89,"column":28}},"34":{"start":{"line":94,"column":2},"end":{"line":94,"column":14}},"35":{"start":{"line":103,"column":2},"end":{"line":103,"column":29}},"36":{"start":{"line":106,"column":0},"end":{"line":112,"column":2}}},"fnMap":{"0":{"name":"detectFormat","decl":{"start":{"line":6,"column":9},"end":{"line":6,"column":21}},"loc":{"start":{"line":6,"column":29},"end":{"line":25,"column":1}},"line":6},"1":{"name":"detectJSON","decl":{"start":{"line":32,"column":9},"end":{"line":32,"column":19}},"loc":{"start":{"line":32,"column":27},"end":{"line":43,"column":1}},"line":32},"2":{"name":"detectXML","decl":{"start":{"line":50,"column":9},"end":{"line":50,"column":18}},"loc":{"start":{"line":50,"column":26},"end":{"line":61,"column":1}},"line":50},"3":{"name":"detectString","decl":{"start":{"line":68,"column":9},"end":{"line":68,"column":21}},"loc":{"start":{"line":68,"column":29},"end":{"line":95,"column":1}},"line":68},"4":{"name":"(anonymous_4)","decl":{"start":{"line":80,"column":51},"end":{"line":80,"column":52}},"loc":{"start":{"line":80,"column":56},"end":{"line":80,"column":64}},"line":80},"5":{"name":"(anonymous_5)","decl":{"start":{"line":83,"column":45},"end":{"line":83,"column":46}},"loc":{"start":{"line":83,"column":52},"end":{"line":86,"column":9}},"line":83},"6":{"name":"detectSeparators","decl":{"start":{"line":102,"column":9},"end":{"line":102,"column":25}},"loc":{"start":{"line":102,"column":33},"end":{"line":104,"column":1}},"line":102}},"branchMap":{"0":{"loc":{"start":{"line":7,"column":2},"end":{"line":9,"column":3}},"type":"if","locations":[{"start":{"line":7,"column":2},"end":{"line":9,"column":3}},{"start":{},"end":{}}],"line":7},"1":{"loc":{"start":{"line":7,"column":6},"end":{"line":7,"column":41}},"type":"binary-expr","locations":[{"start":{"line":7,"column":6},"end":{"line":7,"column":12}},{"start":{"line":7,"column":16},"end":{"line":7,"column":41}}],"line":7},"2":{"loc":{"start":{"line":12,"column":2},"end":{"line":14,"column":3}},"type":"if","locations":[{"start":{"line":12,"column":2},"end":{"line":14,"column":3}},{"start":{},"end":{}}],"line":12},"3":{"loc":{"start":{"line":16,"column":2},"end":{"line":18,"column":3}},"type":"if","locations":[{"start":{"line":16,"column":2},"end":{"line":18,"column":3}},{"start":{},"end":{}}],"line":16},"4":{"loc":{"start":{"line":20,"column":2},"end":{"line":22,"column":3}},"type":"if","locations":[{"start":{"line":20,"column":2},"end":{"line":22,"column":3}},{"start":{},"end":{}}],"line":20},"5":{"loc":{"start":{"line":34,"column":4},"end":{"line":36,"column":5}},"type":"if","locations":[{"start":{"line":34,"column":4},"end":{"line":36,"column":5}},{"start":{},"end":{}}],"line":34},"6":{"loc":{"start":{"line":34,"column":8},"end":{"line":34,"column":56}},"type":"binary-expr","locations":[{"start":{"line":34,"column":8},"end":{"line":34,"column":30}},{"start":{"line":34,"column":34},"end":{"line":34,"column":56}}],"line":34},"7":{"loc":{"start":{"line":39,"column":11},"end":{"line":39,"column":56}},"type":"binary-expr","locations":[{"start":{"line":39,"column":11},"end":{"line":39,"column":37}},{"start":{"line":39,"column":41},"end":{"line":39,"column":56}}],"line":39},"8":{"loc":{"start":{"line":51,"column":2},"end":{"line":53,"column":3}},"type":"if","locations":[{"start":{"line":51,"column":2},"end":{"line":53,"column":3}},{"start":{},"end":{}}],"line":51},"9":{"loc":{"start":{"line":55,"column":2},"end":{"line":57,"column":3}},"type":"if","locations":[{"start":{"line":55,"column":2},"end":{"line":57,"column":3}},{"start":{},"end":{}}],"line":55},"10":{"loc":{"start":{"line":55,"column":6},"end":{"line":55,"column":61}},"type":"binary-expr","locations":[{"start":{"line":55,"column":6},"end":{"line":55,"column":32}},{"start":{"line":55,"column":36},"end":{"line":55,"column":61}}],"line":55},"11":{"loc":{"start":{"line":79,"column":4},"end":{"line":92,"column":5}},"type":"if","locations":[{"start":{"line":79,"column":4},"end":{"line":92,"column":5}},{"start":{},"end":{}}],"line":79},"12":{"loc":{"start":{"line":79,"column":8},"end":{"line":79,"column":58}},"type":"binary-expr","locations":[{"start":{"line":79,"column":8},"end":{"line":79,"column":31}},{"start":{"line":79,"column":35},"end":{"line":79,"column":58}}],"line":79},"13":{"loc":{"start":{"line":82,"column":6},"end":{"line":91,"column":7}},"type":"if","locations":[{"start":{"line":82,"column":6},"end":{"line":91,"column":7}},{"start":{},"end":{}}],"line":82},"14":{"loc":{"start":{"line":88,"column":8},"end":{"line":90,"column":9}},"type":"if","locations":[{"start":{"line":88,"column":8},"end":{"line":90,"column":9}},{"start":{},"end":{}}],"line":88}},"s":{"0":15,"1":3,"2":12,"3":12,"4":2,"5":10,"6":4,"7":6,"8":3,"9":3,"10":19,"11":19,"12":10,"13":9,"14":8,"15":1,"16":13,"17":3,"18":10,"19":2,"20":8,"21":8,"22":17,"23":17,"24":38,"25":38,"26":12,"27":34,"28":12,"29":12,"30":24,"31":24,"32":12,"33":12,"34":5,"35":8,"36":2},"f":{"0":15,"1":19,"2":13,"3":17,"4":34,"5":24,"6":8},"b":{"0":[3,12],"1":[15,13],"2":[2,10],"3":[4,6],"4":[3,3],"5":[10,9],"6":[19,12],"7":[8,8],"8":[3,10],"9":[2,8],"10":[10,3],"11":[12,26],"12":[38,13],"13":[12,0],"14":[12,0]},"_coverageSchema":"1a1c01bbd47fc00a2c39e90264f33305004495a9","hash":"c630722d8dbff8e34dfa3e83c4d3b19911280fb2"}
,"/Users/jordan/Documents/Github/api-format-converter/src/hybridDetector.js": {"path":"/Users/jordan/Documents/Github/api-format-converter/src/hybridDetector.js","statementMap":{"0":{"start":{"line":1,"column":43},"end":{"line":1,"column":70}},"1":{"start":{"line":10,"column":15},"end":{"line":10,"column":19}},"2":{"start":{"line":12,"column":2},"end":{"line":14,"column":3}},"3":{"start":{"line":13,"column":4},"end":{"line":13,"column":48}},"4":{"start":{"line":16,"column":2},"end":{"line":18,"column":3}},"5":{"start":{"line":17,"column":4},"end":{"line":17,"column":32}},"6":{"start":{"line":20,"column":17},"end":{"line":20,"column":27}},"7":{"start":{"line":22,"column":2},"end":{"line":27,"column":3}},"8":{"start":{"line":23,"column":23},"end":{"line":23,"column":45}},"9":{"start":{"line":24,"column":4},"end":{"line":26,"column":5}},"10":{"start":{"line":25,"column":6},"end":{"line":25,"column":37}},"11":{"start":{"line":29,"column":2},"end":{"line":29,"column":16}},"12":{"start":{"line":38,"column":25},"end":{"line":38,"column":57}},"13":{"start":{"line":40,"column":2},"end":{"line":42,"column":3}},"14":{"start":{"line":41,"column":4},"end":{"line":41,"column":18}},"15":{"start":{"line":44,"column":2},"end":{"line":46,"column":3}},"16":{"start":{"line":45,"column":4},"end":{"line":45,"column":17}},"17":{"start":{"line":48,"column":2},"end":{"line":50,"column":3}},"18":{"start":{"line":49,"column":4},"end":{"line":49,"column":20}},"19":{"start":{"line":52,"column":2},"end":{"line":52,"column":14}},"20":{"start":{"line":55,"column":0},"end":{"line":58,"column":2}}},"fnMap":{"0":{"name":"determineFormat","decl":{"start":{"line":9,"column":9},"end":{"line":9,"column":24}},"loc":{"start":{"line":9,"column":49},"end":{"line":30,"column":1}},"line":9},"1":{"name":"detectFromContentType","decl":{"start":{"line":37,"column":9},"end":{"line":37,"column":30}},"loc":{"start":{"line":37,"column":44},"end":{"line":53,"column":1}},"line":37}},"branchMap":{"0":{"loc":{"start":{"line":9,"column":31},"end":{"line":9,"column":47}},"type":"default-arg","locations":[{"start":{"line":9,"column":45},"end":{"line":9,"column":47}}],"line":9},"1":{"loc":{"start":{"line":12,"column":2},"end":{"line":14,"column":3}},"type":"if","locations":[{"start":{"line":12,"column":2},"end":{"line":14,"column":3}},{"start":{},"end":{}}],"line":12},"2":{"loc":{"start":{"line":16,"column":2},"end":{"line":18,"column":3}},"type":"if","locations":[{"start":{"line":16,"column":2},"end":{"line":18,"column":3}},{"start":{},"end":{}}],"line":16},"3":{"loc":{"start":{"line":22,"column":2},"end":{"line":27,"column":3}},"type":"if","locations":[{"start":{"line":22,"column":2},"end":{"line":27,"column":3}},{"start":{},"end":{}}],"line":22},"4":{"loc":{"start":{"line":24,"column":4},"end":{"line":26,"column":5}},"type":"if","locations":[{"start":{"line":24,"column":4},"end":{"line":26,"column":5}},{"start":{},"end":{}}],"line":24},"5":{"loc":{"start":{"line":40,"column":2},"end":{"line":42,"column":3}},"type":"if","locations":[{"start":{"line":40,"column":2},"end":{"line":42,"column":3}},{"start":{},"end":{}}],"line":40},"6":{"loc":{"start":{"line":44,"column":2},"end":{"line":46,"column":3}},"type":"if","locations":[{"start":{"line":44,"column":2},"end":{"line":46,"column":3}},{"start":{},"end":{}}],"line":44},"7":{"loc":{"start":{"line":48,"column":2},"end":{"line":50,"column":3}},"type":"if","locations":[{"start":{"line":48,"column":2},"end":{"line":50,"column":3}},{"start":{},"end":{}}],"line":48}},"s":{"0":1,"1":15,"2":15,"3":11,"4":15,"5":5,"6":15,"7":15,"8":6,"9":6,"10":4,"11":15,"12":27,"13":27,"14":7,"15":20,"16":7,"17":13,"18":8,"19":5,"20":1},"f":{"0":15,"1":27},"b":{"0":[3],"1":[11,4],"2":[5,10],"3":[6,9],"4":[4,2],"5":[7,20],"6":[7,13],"7":[8,5]},"_coverageSchema":"1a1c01bbd47fc00a2c39e90264f33305004495a9","hash":"c75468b70ac6bcbb5b78037fdcac5e2995efed4c"}
}
