TN:
SF:src/converter.js
FN:9,stringToJson
FN:15,(anonymous_1)
FN:24,(anonymous_2)
FN:46,jsonToString
FN:54,(anonymous_4)
FN:73,jsonToXml
FN:77,(anonymous_6)
FN:82,(anonymous_7)
FN:107,xmlToJson
FN:121,(anonymous_9)
FN:124,(anonymous_10)
FN:127,(anonymous_11)
FN:133,(anonymous_12)
FN:156,stringToXml
FN:167,xmlToString
FNF:15
FNH:15
FNDA:10,stringToJson
FNDA:33,(anonymous_1)
FNDA:25,(anonymous_2)
FNDA:10,jsonToString
FNDA:22,(anonymous_4)
FNDA:7,jsonToXml
FNDA:18,(anonymous_6)
FNDA:68,(anonymous_7)
FNDA:10,xmlToJson
FNDA:15,(anonymous_9)
FNDA:19,(anonymous_10)
FNDA:35,(anonymous_11)
FNDA:54,(anonymous_12)
FNDA:3,stringToXml
FNDA:4,xmlToString
DA:1,1
DA:10,10
DA:13,10
DA:15,33
DA:17,10
DA:24,10
DA:25,25
DA:26,25
DA:28,24
DA:29,24
DA:31,24
DA:37,10
DA:47,10
DA:50,10
DA:51,10
DA:54,10
DA:55,22
DA:56,22
DA:60,10
DA:61,10
DA:62,2
DA:65,10
DA:75,7
DA:77,7
DA:78,18
DA:81,18
DA:82,18
DA:83,68
DA:87,18
DA:88,14
DA:90,18
DA:93,7
DA:99,7
DA:108,10
DA:115,10
DA:116,10
DA:119,9
DA:121,9
DA:122,15
DA:124,15
DA:126,19
DA:127,19
DA:128,35
DA:129,35
DA:130,35
DA:133,19
DA:134,54
DA:137,19
DA:144,9
DA:146,1
DA:157,3
DA:158,3
DA:168,4
DA:169,4
DA:172,1
LF:55
LH:55
BRDA:26,0,0,1
BRDA:26,0,1,24
BRDA:50,1,0,10
BRDA:50,1,1,8
BRDA:51,2,0,10
BRDA:51,2,1,8
BRDA:61,3,0,2
BRDA:61,3,1,8
BRDA:87,4,0,14
BRDA:87,4,1,4
BRDA:122,5,0,4
BRDA:122,5,1,11
BRF:12
BRH:12
end_of_record
TN:
SF:src/formatDetector.js
FN:6,detectFormat
FN:32,detectJSON
FN:50,detectXML
FN:68,detectString
FN:80,(anonymous_4)
FN:83,(anonymous_5)
FN:102,detectSeparators
FNF:7
FNH:7
FNDA:15,detectFormat
FNDA:19,detectJSON
FNDA:13,detectXML
FNDA:17,detectString
FNDA:34,(anonymous_4)
FNDA:24,(anonymous_5)
FNDA:8,detectSeparators
DA:7,15
DA:8,3
DA:11,12
DA:12,12
DA:13,2
DA:16,10
DA:17,4
DA:20,6
DA:21,3
DA:24,3
DA:33,19
DA:34,19
DA:35,10
DA:38,9
DA:39,8
DA:41,1
DA:51,13
DA:52,3
DA:55,10
DA:56,2
DA:59,8
DA:60,8
DA:69,17
DA:76,17
DA:77,38
DA:79,38
DA:80,34
DA:82,12
DA:83,12
DA:84,24
DA:85,24
DA:88,12
DA:89,12
DA:94,5
DA:103,8
DA:106,2
LF:36
LH:36
BRDA:7,0,0,3
BRDA:7,0,1,12
BRDA:7,1,0,15
BRDA:7,1,1,13
BRDA:12,2,0,2
BRDA:12,2,1,10
BRDA:16,3,0,4
BRDA:16,3,1,6
BRDA:20,4,0,3
BRDA:20,4,1,3
BRDA:34,5,0,10
BRDA:34,5,1,9
BRDA:34,6,0,19
BRDA:34,6,1,12
BRDA:39,7,0,8
BRDA:39,7,1,8
BRDA:51,8,0,3
BRDA:51,8,1,10
BRDA:55,9,0,2
BRDA:55,9,1,8
BRDA:55,10,0,10
BRDA:55,10,1,3
BRDA:79,11,0,12
BRDA:79,11,1,26
BRDA:79,12,0,38
BRDA:79,12,1,13
BRDA:82,13,0,12
BRDA:82,13,1,0
BRDA:88,14,0,12
BRDA:88,14,1,0
BRF:30
BRH:28
end_of_record
TN:
SF:src/hybridDetector.js
FN:9,determineFormat
FN:37,detectFromContentType
FNF:2
FNH:2
FNDA:15,determineFormat
FNDA:27,detectFromContentType
DA:1,1
DA:10,15
DA:12,15
DA:13,11
DA:16,15
DA:17,5
DA:20,15
DA:22,15
DA:23,6
DA:24,6
DA:25,4
DA:29,15
DA:38,27
DA:40,27
DA:41,7
DA:44,20
DA:45,7
DA:48,13
DA:49,8
DA:52,5
DA:55,1
LF:21
LH:21
BRDA:9,0,0,3
BRDA:12,1,0,11
BRDA:12,1,1,4
BRDA:16,2,0,5
BRDA:16,2,1,10
BRDA:22,3,0,6
BRDA:22,3,1,9
BRDA:24,4,0,4
BRDA:24,4,1,2
BRDA:40,5,0,7
BRDA:40,5,1,20
BRDA:44,6,0,7
BRDA:44,6,1,13
BRDA:48,7,0,8
BRDA:48,7,1,5
BRF:15
BRH:15
end_of_record
